Created by PLY version 3.11 (http://www.dabeaz.com/ply)

Unused terminals:

    AND
    OR

Grammar

Rule 0     S' -> While_loop
Rule 1     While_loop -> While Left_Parenthesis condition Right_Parenthesis Left_Braces statements Right_Braces
Rule 2     condition -> expression Double_Equal_To_Sign expression
Rule 3     condition -> expression Lesser_Than_Sign expression
Rule 4     condition -> expression Greater_Than_Sign expression
Rule 5     condition -> expression And_And_Sign expression
Rule 6     condition -> expression Or_Or_Sign expression
Rule 7     condition -> expression Not_Equal_To_Sign expression
Rule 8     statements -> statement
Rule 9     statements -> statements statement
Rule 10    statement -> assignment_statement
Rule 11    statement -> While_loop
Rule 12    statement -> expression_statement
Rule 13    statement -> Print_statement
Rule 14    expression_statement -> expression
Rule 15    assignment_statement -> ID EQ expression
Rule 16    Print_statement -> Print Left_Parenthesis expression Right_Parenthesis
Rule 17    expression -> ID
Rule 18    expression -> Number
Rule 19    expression -> expression Addition expression
Rule 20    expression -> expression Subtraction expression
Rule 21    expression -> expression Multiplication expression
Rule 22    expression -> expression Division expression
Rule 23    expression -> expression Equal_To_Sign expression
Rule 24    expression -> expression Not_Equal_To_Sign expression
Rule 25    expression -> Left_Parenthesis expression Right_Parenthesis

Terminals, with rules where they appear

AND                  : 
Addition             : 19
And_And_Sign         : 5
Division             : 22
Double_Equal_To_Sign : 2
EQ                   : 15
Greater_Than_Sign    : 4
ID                   : 15 17
Left_Braces          : 1
Left_Parenthesis     : 1 16 25
Lesser_Than_Sign     : 3
Multiplication       : 21
Not_Equal_To_Sign    : 7 24
Number               : 18
OR                   : 
Or_Or_Sign           : 6
Print                : 16
Right_Braces         : 1
Right_Parenthesis    : 1 16 25
Subtraction          : 20
While                : 1
error                : 

Nonterminals, with rules where they appear

Equal_To_Sign        : 23
Print_statement      : 13
While_loop           : 11 0
assignment_statement : 10
condition            : 1
expression           : 2 2 3 3 4 4 5 5 6 6 7 7 14 15 16 19 19 20 20 21 21 22 22 23 23 24 24 25
expression_statement : 12
statement            : 8 9
statements           : 1 9

